<?xml version="1.0" encoding="UTF-8"?>
<!-- Generated by org.testng.reporters.JUnitReportReporter -->
<testsuite skipped="0" hostname="Weblium" name="PerformTest" tests="2" failures="0" timestamp="13 квіт. 2017 07:11:49 GMT" time="50.592" errors="0">
  <testcase name="test" time="0.908" classname="PerformTest"/>
  <testcase name="test2" time="49.684" classname="PerformTest"/>
</testsuite> <!-- PerformTest -->
